<?xml version="1.0" encoding="UTF-8" standalone="yes"?>
<testsuite name="org.pantsbuild.FailureTest" errors="0" failures="1" skipped="0" tests="1" time="0.01">
  <properties>
    <property name="jboss.i18n.generate-proxies" value="true"/>
    <property name="com.squareup.envName" value="test"/>
    <property name="java.runtime.name" value="Java(TM) SE Runtime Environment"/>
    <property name="sun.boot.library.path" value="/Library/Java/JavaVirtualMachines/jdk1.8.0_92.jdk/Contents/Home/jre/lib"/>
    <property name="java.vm.version" value="25.92-b14"/>
    <property name="gopherProxySet" value="false"/>
    <property name="java.vm.vendor" value="Oracle Corporation"/>
    <property name="java.vendor.url" value="http://java.oracle.com/"/>
    <property name="path.separator" value=":"/>
    <property name="java.vm.name" value="Java HotSpot(TM) 64-Bit Server VM"/>
    <property name="file.encoding.pkg" value="sun.io"/>
    <property name="user.country" value="US"/>
    <property name="sun.java.launcher" value="SUN_STANDARD"/>
    <property name="sun.os.patch.level" value="unknown"/>
    <property name="java.vm.specification.name" value="Java Virtual Machine Specification"/>
    <property name="java.runtime.version" value="1.8.0_92-b14"/>
    <property name="java.awt.graphicsenv" value="sun.awt.CGraphicsEnvironment"/>
    <property name="java.endorsed.dirs" value="/Library/Java/JavaVirtualMachines/jdk1.8.0_92.jdk/Contents/Home/jre/lib/endorsed"/>
    <property name="os.arch" value="x86_64"/>
    <property name="java.io.tmpdir" value="/var/folders/cc/7wn2nwjn1gd4cd08fpp3zb6r00015s/T/"/>
    <property name="line.separator" value="
"/>
    <property name="java.vm.specification.vendor" value="Oracle Corporation"/>
    <property name="os.name" value="Mac OS X"/>
    <property name="sun.jnu.encoding" value="UTF-8"/>
    <property name="java.specification.name" value="Java Platform API Specification"/>
    <property name="java.class.version" value="52.0"/>
    <property name="sun.management.compiler" value="HotSpot 64-Bit Tiered Compilers"/>
    <property name="os.version" value="10.11.5"/>
    <property name="user.timezone" value="UTC"/>
    <property name="java.awt.printerjob" value="sun.lwawt.macosx.CPrinterJob"/>
    <property name="file.encoding" value="UTF8"/>
    <property name="java.specification.version" value="1.8"/>
    <property name="java.vm.specification.version" value="1.8"/>
    <property name="java.home" value="/Library/Java/JavaVirtualMachines/jdk1.8.0_92.jdk/Contents/Home/jre"/>
    <property name="sun.arch.data.model" value="64"/>
    <property name="com.squareup.envType" value="test"/>
    <property name="user.language" value="en"/>
    <property name="java.specification.vendor" value="Oracle Corporation"/>
    <property name="awt.toolkit" value="sun.lwawt.macosx.LWCToolkit"/>
    <property name="java.vm.info" value="mixed mode"/>
    <property name="java.version" value="1.8.0_92"/>
    <property name="java.vendor" value="Oracle Corporation"/>
    <property name="file.separator" value="/"/>
    <property name="java.vendor.url.bug" value="http://bugreport.sun.com/bugreport/"/>
    <property name="sun.font.fontmanager" value="sun.font.CFontManager"/>
    <property name="sun.io.unicode.encoding" value="UnicodeBig"/>
    <property name="sun.cpu.endian" value="little"/>
    <property name="sun.cpu.isalist" value=""/>
  </properties>
  <testcase classname="org.pantsbuild.FailureTest" name="testFailure" time="0.01">
    <failure type="java.lang.AssertionError">java.lang.AssertionError
      at org.junit.Assert.fail(Assert.java:86)
      at org.junit.Assert.assertTrue(Assert.java:41)
      at org.junit.Assert.assertTrue(Assert.java:52)
      at org.pantsbuild.FailureTest.testFailure(FailureTest.java:29)
      at sun.reflect.NativeMethodAccessorImpl.invoke0(Native Method)
      at sun.reflect.NativeMethodAccessorImpl.invoke(NativeMethodAccessorImpl.java:62)
      at sun.reflect.DelegatingMethodAccessorImpl.invoke(DelegatingMethodAccessorImpl.java:43)
      at java.lang.reflect.Method.invoke(Method.java:498)
      at org.junit.runners.model.FrameworkMethod$1.runReflectiveCall(FrameworkMethod.java:50)
      at org.junit.internal.runners.model.ReflectiveCallable.run(ReflectiveCallable.java:12)
      at org.junit.runners.model.FrameworkMethod.invokeExplosively(FrameworkMethod.java:47)
      at org.junit.internal.runners.statements.InvokeMethod.evaluate(InvokeMethod.java:17)
      at __shaded_by_pants__.org.pantsbuild.tools.junit.withretry.BlockJUnit4ClassRunnerWithRetry$InvokeWithRetry.evaluate(BlockJUnit4ClassRunnerWithRetry.java:57)
      at org.junit.runners.ParentRunner.runLeaf(ParentRunner.java:325)
      at org.junit.runners.BlockJUnit4ClassRunner.runChild(BlockJUnit4ClassRunner.java:78)
      at org.junit.runners.BlockJUnit4ClassRunner.runChild(BlockJUnit4ClassRunner.java:57)
      at org.junit.runners.ParentRunner$3.run(ParentRunner.java:290)
      at org.junit.runners.ParentRunner$1.schedule(ParentRunner.java:71)
      at org.junit.runners.ParentRunner.runChildren(ParentRunner.java:288)
      at org.junit.runners.ParentRunner.access$000(ParentRunner.java:58)
      at org.junit.runners.ParentRunner$2.evaluate(ParentRunner.java:268)
      at org.junit.runners.ParentRunner.run(ParentRunner.java:363)
      at __shaded_by_pants__.org.pantsbuild.tools.junit.impl.CompositeRequestRunner.runChild(CompositeRequestRunner.java:66)
      at __shaded_by_pants__.org.pantsbuild.tools.junit.impl.ConcurrentCompositeRequestRunner$1$1.run(ConcurrentCompositeRequestRunner.java:37)
      at __shaded_by_pants__.org.pantsbuild.tools.junit.impl.ConcurrentRunnerScheduler.finished(ConcurrentRunnerScheduler.java:95)
      at __shaded_by_pants__.org.pantsbuild.tools.junit.impl.ConcurrentCompositeRequestRunner$1.evaluate(ConcurrentCompositeRequestRunner.java:46)
      at org.junit.runners.ParentRunner.run(ParentRunner.java:363)
      at org.junit.runner.JUnitCore.run(JUnitCore.java:137)
      at __shaded_by_pants__.org.pantsbuild.tools.junit.impl.ConsoleRunnerImpl.runLegacy(ConsoleRunnerImpl.java:484)
      at __shaded_by_pants__.org.pantsbuild.tools.junit.impl.ConsoleRunnerImpl.run(ConsoleRunnerImpl.java:426)
      at __shaded_by_pants__.org.pantsbuild.tools.junit.impl.ConsoleRunnerImpl.main(ConsoleRunnerImpl.java:789)
      at org.pantsbuild.tools.junit.ConsoleRunner.main(ConsoleRunner.java:12)
    </failure>
  </testcase>
  <system-out></system-out>
  <system-err></system-err>
</testsuite>
